# JRE version: OpenJDK Runtime Environment (11.0.7+10) (build 11.0.7+10-post-Ubuntu-2ubuntu218.04)
# Java VM: OpenJDK 64-Bit Server VM (11.0.7+10-post-Ubuntu-2ubuntu218.04, mixed mode, tiered, compressed oops, g1 gc, linux-amd64)
Heap:
 garbage-first heap   total 63488K, used 25494K [0x00000000c3800000, 0x0000000100000000)
  region size 1024K, 22 young (22528K), 2 survivors (2048K)
 Metaspace       used 17910K, capacity 18658K, committed 18816K, reserved 1067008K
  class space    used 1776K, capacity 1893K, committed 1920K, reserved 1048576K
GC Heap History (12 events):
Event: 42.411 GC heap before
{Heap before GC invocations=0 (full 0):
 garbage-first heap   total 63488K, used 14336K [0x00000000c3800000, 0x0000000100000000)
  region size 1024K, 14 young (14336K), 0 survivors (0K)
 Metaspace       used 12546K, capacity 12847K, committed 13184K, reserved 1060864K
  class space    used 1212K, capacity 1330K, committed 1408K, reserved 1048576K
}
Event: 42.419 GC heap after
{Heap after GC invocations=1 (full 0):
 garbage-first heap   total 63488K, used 3804K [0x00000000c3800000, 0x0000000100000000)
  region size 1024K, 2 young (2048K), 2 survivors (2048K)
 Metaspace       used 12546K, capacity 12847K, committed 13184K, reserved 1060864K
  class space    used 1212K, capacity 1330K, committed 1408K, reserved 1048576K
}
Event: 45.722 GC heap before
{Heap before GC invocations=1 (full 0):
 garbage-first heap   total 63488K, used 8924K [0x00000000c3800000, 0x0000000100000000)
  region size 1024K, 7 young (7168K), 2 survivors (2048K)
 Metaspace       used 15521K, capacity 15754K, committed 16000K, reserved 1062912K
  class space    used 1562K, capacity 1658K, committed 1664K, reserved 1048576K
}
Event: 45.727 GC heap after
{Heap after GC invocations=2 (full 0):
 garbage-first heap   total 63488K, used 5072K [0x00000000c3800000, 0x0000000100000000)
  region size 1024K, 1 young (1024K), 1 survivors (1024K)
 Metaspace       used 15521K, capacity 15754K, committed 16000K, reserved 1062912K
  class space    used 1562K, capacity 1658K, committed 1664K, reserved 1048576K
}
Event: 1083.099 GC heap before
{Heap before GC invocations=2 (full 0):
 garbage-first heap   total 63488K, used 25552K [0x00000000c3800000, 0x0000000100000000)
  region size 1024K, 22 young (22528K), 1 survivors (1024K)
 Metaspace       used 17302K, capacity 17681K, committed 18048K, reserved 1064960K
  class space    used 1715K, capacity 1814K, committed 1920K, reserved 1048576K
}
Event: 1083.118 GC heap after
{Heap after GC invocations=3 (full 0):
 garbage-first heap   total 63488K, used 6096K [0x00000000c3800000, 0x0000000100000000)
  region size 1024K, 2 young (2048K), 2 survivors (2048K)
 Metaspace       used 17302K, capacity 17681K, committed 18048K, reserved 1064960K
  class space    used 1715K, capacity 1814K, committed 1920K, reserved 1048576K
}
Event: 1156.066 GC heap before
{Heap before GC invocations=3 (full 0):
 garbage-first heap   total 63488K, used 29648K [0x00000000c3800000, 0x0000000100000000)
  region size 1024K, 25 young (25600K), 2 survivors (2048K)
 Metaspace       used 17348K, capacity 17812K, committed 18048K, reserved 1064960K
  class space    used 1716K, capacity 1816K, committed 1920K, reserved 1048576K
}
Event: 1156.071 GC heap after
{Heap after GC invocations=4 (full 0):
 garbage-first heap   total 63488K, used 5841K [0x00000000c3800000, 0x0000000100000000)
  region size 1024K, 2 young (2048K), 2 survivors (2048K)
 Metaspace       used 17348K, capacity 17812K, committed 18048K, reserved 1064960K
  class space    used 1716K, capacity 1816K, committed 1920K, reserved 1048576K
}
Event: 1174.443 GC heap before
{Heap before GC invocations=4 (full 0):
 garbage-first heap   total 63488K, used 32465K [0x00000000c3800000, 0x0000000100000000)
  region size 1024K, 28 young (28672K), 2 survivors (2048K)
 Metaspace       used 17408K, capacity 17824K, committed 18048K, reserved 1064960K
  class space    used 1717K, capacity 1818K, committed 1920K, reserved 1048576K
}
Event: 1174.475 GC heap after
{Heap after GC invocations=5 (full 0):
 garbage-first heap   total 63488K, used 5820K [0x00000000c3800000, 0x0000000100000000)
  region size 1024K, 2 young (2048K), 2 survivors (2048K)
 Metaspace       used 17408K, capacity 17824K, committed 18048K, reserved 1064960K
  class space    used 1717K, capacity 1818K, committed 1920K, reserved 1048576K
}
Event: 1386.656 GC heap before
{Heap before GC invocations=5 (full 0):
 garbage-first heap   total 63488K, used 34492K [0x00000000c3800000, 0x0000000100000000)
  region size 1024K, 30 young (30720K), 2 survivors (2048K)
 Metaspace       used 17479K, capacity 17988K, committed 18304K, reserved 1064960K
  class space    used 1723K, capacity 1826K, committed 1920K, reserved 1048576K
}
Event: 1386.660 GC heap after
{Heap after GC invocations=6 (full 0):
 garbage-first heap   total 63488K, used 6038K [0x00000000c3800000, 0x0000000100000000)
  region size 1024K, 2 young (2048K), 2 survivors (2048K)
 Metaspace       used 17479K, capacity 17988K, committed 18304K, reserved 1064960K
  class space    used 1723K, capacity 1826K, committed 1920K, reserved 1048576K
}

